[2025-05-23 17:04:33] ------ بدء عملية التسجيل ------
[2025-05-23 17:04:34] تم الاتصال بقاعدة البيانات بنجاح
[2025-05-23 17:04:34] نوع المحتوى: application/json
[2025-05-23 17:04:34] بيانات JSON الواردة: {"fname":"Gherbi","lname":"Sana","phone_number":"0672023320","email":"sana@gmail.com","password":"sanasana23"}
[2025-05-23 17:04:34] تم استخراج البيانات من JSON بنجاح
[2025-05-23 17:04:34] نتائج التحقق من البيانات: بيانات صالحة
[2025-05-23 17:04:34] خطأ في قاعدة البيانات: SQLSTATE[42S22]: Column not found: 1054 Unknown column 'avatar' in 'field list'
[2025-05-23 17:04:34] ------ نهاية عملية التسجيل ------
[2025-05-23 17:04:39] ------ بدء عملية التسجيل ------
[2025-05-23 17:04:39] تم الاتصال بقاعدة البيانات بنجاح
[2025-05-23 17:04:39] نوع المحتوى: application/json
[2025-05-23 17:04:39] بيانات JSON الواردة: {"fname":"Gherbi","lname":"Sana","phone_number":"0672023320","email":"sana@gmail.com","password":"sanasana23"}
[2025-05-23 17:04:39] تم استخراج البيانات من JSON بنجاح
[2025-05-23 17:04:39] نتائج التحقق من البيانات: بيانات صالحة
[2025-05-23 17:04:39] خطأ في قاعدة البيانات: SQLSTATE[42S22]: Column not found: 1054 Unknown column 'avatar' in 'field list'
[2025-05-23 17:04:39] ------ نهاية عملية التسجيل ------
[2025-05-23 23:20:44] ------ بدء عملية التسجيل ------
[2025-05-23 23:20:44] تم الاتصال بقاعدة البيانات بنجاح
[2025-05-23 23:20:44] نوع المحتوى: application/json
[2025-05-23 23:20:44] بيانات JSON الواردة: {"fname":"Gherbi","lname":"Sana","phone_number":"0672023320","email":"you1@gmail.com","password":"PPPppppp"}
[2025-05-23 23:20:44] تم استخراج البيانات من JSON بنجاح
[2025-05-23 23:20:44] نتائج التحقق من البيانات: بيانات صالحة
[2025-05-23 23:20:44] تم إنشاء حساب المستخدم بنجاح. معرف المستخدم: 4
[2025-05-23 23:20:44] تم إنشاء جلسة للمستخدم بنجاح
[2025-05-23 23:20:44] تم إكمال عملية التسجيل بنجاح
[2025-05-23 23:20:44] ------ نهاية عملية التسجيل ------
[2025-05-30 21:09:21] ------ بدء عملية التسجيل ------
[2025-05-30 21:09:21] تم الاتصال بقاعدة البيانات بنجاح
[2025-05-30 21:09:21] نوع المحتوى: application/json
[2025-05-30 21:09:21] بيانات JSON الواردة: {"fname":"Saci","lname":"Ali","phone_number":"0672334021","email":"saciali12@gmail.com","password":"sacialiali"}
[2025-05-30 21:09:21] تم استخراج البيانات من JSON بنجاح
[2025-05-30 21:09:21] نتائج التحقق من البيانات: بيانات صالحة
[2025-05-30 21:09:21] تم إنشاء حساب المستخدم بنجاح. معرف المستخدم: 35
[2025-05-30 21:09:21] تم إنشاء جلسة للمستخدم بنجاح
[2025-05-30 21:09:21] تم إكمال عملية التسجيل بنجاح
[2025-05-30 21:09:21] ------ نهاية عملية التسجيل ------
[2025-05-31 20:10:16] ------ بدء عملية التسجيل ------
[2025-05-31 20:10:16] تم الاتصال بقاعدة البيانات بنجاح
[2025-05-31 20:10:16] نوع المحتوى: application/json
[2025-05-31 20:10:16] بيانات JSON الواردة: {"fname":"vvvvvvvvv","lname":"nnnnnnnnnnn","phone_number":"bbb","email":"sanaagha707@gmail.com","password":"gherbisana"}
[2025-05-31 20:10:16] تم استخراج البيانات من JSON بنجاح
[2025-05-31 20:10:16] نتائج التحقق من البيانات: توجد أخطاء
[2025-05-31 20:10:36] ------ بدء عملية التسجيل ------
[2025-05-31 20:10:36] تم الاتصال بقاعدة البيانات بنجاح
[2025-05-31 20:10:36] نوع المحتوى: application/json
[2025-05-31 20:10:36] بيانات JSON الواردة: {"fname":"vvvvvvvvv","lname":"nnnnnnnnnnn","phone_number":"0666666666","email":"sanaagha707@gmail.com","password":"gherbisana"}
[2025-05-31 20:10:36] تم استخراج البيانات من JSON بنجاح
[2025-05-31 20:10:36] نتائج التحقق من البيانات: بيانات صالحة
[2025-05-31 20:10:36] البريد الإلكتروني موجود بالفعل: sanaagha707@gmail.com
